Using pre-set license
Built from '2020.3/release' branch; Version is '2020.3.1f1 (77a89f25062f) revision 7841951'; Using compiler version '192528614'; Build Type 'Release'
OS: 'Windows 10 Pro; OS build 19042.1052; Version 2009; 64bit' Language: 'es' Physical Memory: 15731 MB
BatchMode: 1, IsHumanControllingUs: 0, StartBugReporterOnCrash: 0, Is64bit: 1, IsPro: 0

 COMMAND LINE ARGUMENTS:
C:\Program Files\2020.3.1f1\Editor\Unity.exe
-adb2
-batchMode
-noUpm
-name
AssetImportWorker0
-projectPath
C:/Users/andre/Documents/GitHub/theWandroid/2D_Memory_in_Unity/2D_Memory_in_Unity
-logFile
Logs/AssetImportWorker0.log
-srvPort
49270
Successfully changed project path to: C:/Users/andre/Documents/GitHub/theWandroid/2D_Memory_in_Unity/2D_Memory_in_Unity
C:/Users/andre/Documents/GitHub/theWandroid/2D_Memory_in_Unity/2D_Memory_in_Unity
Using Asset Import Pipeline V2.
Refreshing native plugins compatible for Editor in 30.10 ms, found 1 plugins.
Preloading 0 native plugins for Editor in 0.00 ms.
Initialize engine version: 2020.3.1f1 (77a89f25062f)
[Subsystems] Discovering subsystems at path C:/Program Files/2020.3.1f1/Editor/Data/Resources/UnitySubsystems
[Subsystems] Discovering subsystems at path C:/Users/andre/Documents/GitHub/theWandroid/2D_Memory_in_Unity/2D_Memory_in_Unity/Assets
GfxDevice: creating device client; threaded=0
Direct3D:
    Version:  Direct3D 11.0 [level 11.1]
    Renderer: NVIDIA GeForce RTX 2060 (ID=0x1f15)
    Vendor:   
    VRAM:     5980 MB
    Driver:   27.21.14.6677
Initialize mono
Mono path[0] = 'C:/Program Files/2020.3.1f1/Editor/Data/Managed'
Mono path[1] = 'C:/Program Files/2020.3.1f1/Editor/Data/MonoBleedingEdge/lib/mono/unityjit'
Mono config path = 'C:/Program Files/2020.3.1f1/Editor/Data/MonoBleedingEdge/etc'
Using monoOptions --debugger-agent=transport=dt_socket,embedding=1,server=y,suspend=n,address=127.0.0.1:56132
Begin MonoManager ReloadAssembly
Registering precompiled unity dll's ...
Register platform support module: C:/Program Files/2020.3.1f1/Editor/Data/PlaybackEngines/WebGLSupport/UnityEditor.WebGL.Extensions.dll
Register platform support module: C:/Program Files/2020.3.1f1/Editor/Data/PlaybackEngines/WindowsStandaloneSupport/UnityEditor.WindowsStandalone.Extensions.dll
Registered in 0.001421 seconds.
Native extension for WindowsStandalone target not found
Native extension for WebGL target not found
Refreshing native plugins compatible for Editor in 30.40 ms, found 1 plugins.
Preloading 0 native plugins for Editor in 0.00 ms.
Invoked RoslynAnalysisRunner static constructor.
RoslynAnalysisRunner will not be running.
RoslynAnalysisRunner has terminated.
Mono: successfully reloaded assembly
- Completed reload, in  1.410 seconds
Platform modules already initialized, skipping
Registering precompiled user dll's ...
Registered in 0.000766 seconds.
Begin MonoManager ReloadAssembly
Native extension for WindowsStandalone target not found
Native extension for WebGL target not found
Refreshing native plugins compatible for Editor in 31.00 ms, found 1 plugins.
Preloading 0 native plugins for Editor in 0.00 ms.
Invoked RoslynAnalysisRunner static constructor.
RoslynAnalysisRunner will not be running.
RoslynAnalysisRunner has terminated.
Mono: successfully reloaded assembly
- Completed reload, in  0.790 seconds
Platform modules already initialized, skipping
========================================================================
Worker process is ready to serve import requests
Launched and connected shader compiler UnityShaderCompiler.exe after 0.05 seconds
Refreshing native plugins compatible for Editor in 0.43 ms, found 1 plugins.
Preloading 0 native plugins for Editor in 0.00 ms.
Unloading 1808 Unused Serialized files (Serialized files now loaded: 0)
System memory in use before: 85.2 MB.
System memory in use after: 85.2 MB.

Unloading 24 unused Assets to reduce memory usage. Loaded Objects now: 2251.
Total: 3.132900 ms (FindLiveObjects: 0.463900 ms CreateObjectMapping: 0.086700 ms MarkObjects: 2.449200 ms  DeleteObjects: 0.130500 ms)

========================================================================
Received Import Request.
  path: Assets/Scripts
  artifactKey: Guid(63d28346cc4240f44a204697c1f88056) Importer(815301076,1909f56bfc062723c751e8b465ee728b)
Start importing Assets/Scripts using Guid(63d28346cc4240f44a204697c1f88056) Importer(815301076,1909f56bfc062723c751e8b465ee728b)  -> (artifact id: 'a2949768102d529b1f1c6973b7bba99e') in 0.004609 seconds
  Import took 0.008391 seconds .

========================================================================
Received Import Request.
  Time since last request: 0.006696 seconds.
  path: Assets/Scripts/Card.cs
  artifactKey: Guid(3b80abe2c8ac4d343bd05d255e037087) Importer(815301076,1909f56bfc062723c751e8b465ee728b)
Start importing Assets/Scripts/Card.cs using Guid(3b80abe2c8ac4d343bd05d255e037087) Importer(815301076,1909f56bfc062723c751e8b465ee728b)  -> (artifact id: '050fde35154519e31279957978831ca3') in 0.026389 seconds
  Import took 0.030142 seconds .

========================================================================
Received Import Request.
  Time since last request: 0.021626 seconds.
  path: Assets/Scripts/Memory 2Dcon Pablo.zip
  artifactKey: Guid(4290e661256ba1748be76325ea4b5419) Importer(815301076,1909f56bfc062723c751e8b465ee728b)
Start importing Assets/Scripts/Memory 2Dcon Pablo.zip using Guid(4290e661256ba1748be76325ea4b5419) Importer(815301076,1909f56bfc062723c751e8b465ee728b)  -> (artifact id: '116e84b4b7798fe384c96a4072eab00c') in 0.011232 seconds
  Import took 0.014107 seconds .

========================================================================
Received Import Request.
  Time since last request: 0.009949 seconds.
  path: Assets/Scenes/MainScene.unity
  artifactKey: Guid(8f561c6b3be0fbf42bc62f31abd9b2ee) Importer(815301076,1909f56bfc062723c751e8b465ee728b)
Start importing Assets/Scenes/MainScene.unity using Guid(8f561c6b3be0fbf42bc62f31abd9b2ee) Importer(815301076,1909f56bfc062723c751e8b465ee728b)  -> (artifact id: '6975512d347f257529122713f4887610') in 0.001922 seconds
  Import took 0.004836 seconds .

========================================================================
Received Import Request.
  Time since last request: 0.011239 seconds.
  path: Assets/Scripts/GameManager.cs
  artifactKey: Guid(09c52818d5d149448890ab49748a2f57) Importer(815301076,1909f56bfc062723c751e8b465ee728b)
Start importing Assets/Scripts/GameManager.cs using Guid(09c52818d5d149448890ab49748a2f57) Importer(815301076,1909f56bfc062723c751e8b465ee728b)  -> (artifact id: '67eadf215eac498efaa7ddf4ce5beefd') in 0.001650 seconds
  Import took 0.004328 seconds .

AssetImportWorkerClient::OnTransportError - code=2 error=End of file
