Using pre-set license
Built from '2020.3/release' branch; Version is '2020.3.1f1 (77a89f25062f) revision 7841951'; Using compiler version '192528614'; Build Type 'Release'
OS: 'Windows 10 Pro; OS build 19042.1110; Version 2009; 64bit' Language: 'es' Physical Memory: 15731 MB
BatchMode: 1, IsHumanControllingUs: 0, StartBugReporterOnCrash: 0, Is64bit: 1, IsPro: 0

 COMMAND LINE ARGUMENTS:
C:\Program Files\2020.3.1f1\Editor\Unity.exe
-adb2
-batchMode
-noUpm
-name
AssetImportWorker0
-projectPath
C:/Users/andre/Documents/GitHub/theWandroid/2D_Memory_in_Unity/2D_Memory_in_Unity
-logFile
Logs/AssetImportWorker0.log
-srvPort
64382
Successfully changed project path to: C:/Users/andre/Documents/GitHub/theWandroid/2D_Memory_in_Unity/2D_Memory_in_Unity
C:/Users/andre/Documents/GitHub/theWandroid/2D_Memory_in_Unity/2D_Memory_in_Unity
Using Asset Import Pipeline V2.
Refreshing native plugins compatible for Editor in 30.51 ms, found 1 plugins.
Preloading 0 native plugins for Editor in 0.00 ms.
Initialize engine version: 2020.3.1f1 (77a89f25062f)
[Subsystems] Discovering subsystems at path C:/Program Files/2020.3.1f1/Editor/Data/Resources/UnitySubsystems
[Subsystems] Discovering subsystems at path C:/Users/andre/Documents/GitHub/theWandroid/2D_Memory_in_Unity/2D_Memory_in_Unity/Assets
GfxDevice: creating device client; threaded=0
Direct3D:
    Version:  Direct3D 11.0 [level 11.1]
    Renderer: NVIDIA GeForce RTX 2060 (ID=0x1f15)
    Vendor:   
    VRAM:     5980 MB
    Driver:   30.0.14.7141
Initialize mono
Mono path[0] = 'C:/Program Files/2020.3.1f1/Editor/Data/Managed'
Mono path[1] = 'C:/Program Files/2020.3.1f1/Editor/Data/MonoBleedingEdge/lib/mono/unityjit'
Mono config path = 'C:/Program Files/2020.3.1f1/Editor/Data/MonoBleedingEdge/etc'
Using monoOptions --debugger-agent=transport=dt_socket,embedding=1,server=y,suspend=n,address=127.0.0.1:56288
Begin MonoManager ReloadAssembly
Registering precompiled unity dll's ...
Register platform support module: C:/Program Files/2020.3.1f1/Editor/Data/PlaybackEngines/WebGLSupport/UnityEditor.WebGL.Extensions.dll
Register platform support module: C:/Program Files/2020.3.1f1/Editor/Data/PlaybackEngines/WindowsStandaloneSupport/UnityEditor.WindowsStandalone.Extensions.dll
Registered in 0.001896 seconds.
Native extension for WindowsStandalone target not found
Native extension for WebGL target not found
Refreshing native plugins compatible for Editor in 30.66 ms, found 1 plugins.
Preloading 0 native plugins for Editor in 0.00 ms.
Invoked RoslynAnalysisRunner static constructor.
RoslynAnalysisRunner will not be running.
RoslynAnalysisRunner has terminated.
Mono: successfully reloaded assembly
- Completed reload, in  1.679 seconds
Platform modules already initialized, skipping
Registering precompiled user dll's ...
Registered in 0.000896 seconds.
Begin MonoManager ReloadAssembly
Native extension for WindowsStandalone target not found
Native extension for WebGL target not found
Refreshing native plugins compatible for Editor in 30.95 ms, found 1 plugins.
Preloading 0 native plugins for Editor in 0.00 ms.
Invoked RoslynAnalysisRunner static constructor.
RoslynAnalysisRunner will not be running.
RoslynAnalysisRunner has terminated.
Mono: successfully reloaded assembly
- Completed reload, in  0.778 seconds
Platform modules already initialized, skipping
========================================================================
Worker process is ready to serve import requests
Launched and connected shader compiler UnityShaderCompiler.exe after 0.05 seconds
Refreshing native plugins compatible for Editor in 0.37 ms, found 1 plugins.
Preloading 0 native plugins for Editor in 0.00 ms.
Unloading 1808 Unused Serialized files (Serialized files now loaded: 0)
System memory in use before: 85.2 MB.
System memory in use after: 85.2 MB.

Unloading 24 unused Assets to reduce memory usage. Loaded Objects now: 2251.
Total: 2.741700 ms (FindLiveObjects: 0.316300 ms CreateObjectMapping: 0.115200 ms MarkObjects: 2.186700 ms  DeleteObjects: 0.121700 ms)

========================================================================
Received Import Request.
  path: Assets/Sprites/007.png
  artifactKey: Guid(988a4e0ed35a9fc37aef459aa12e1994) Importer(815301076,1909f56bfc062723c751e8b465ee728b)
Start importing Assets/Sprites/007.png using Guid(988a4e0ed35a9fc37aef459aa12e1994) Importer(815301076,1909f56bfc062723c751e8b465ee728b)  -> (artifact id: '546431a62fa658990b95220e3c74f04a') in 0.082127 seconds
  Import took 0.084940 seconds .

========================================================================
Received Import Request.
  Time since last request: 0.000380 seconds.
  path: Assets/Sprites/solo-moneda.png
  artifactKey: Guid(d5a20f491e10de0fcadc14904cd72457) Importer(815301076,1909f56bfc062723c751e8b465ee728b)
Start importing Assets/Sprites/solo-moneda.png using Guid(d5a20f491e10de0fcadc14904cd72457) Importer(815301076,1909f56bfc062723c751e8b465ee728b)  -> (artifact id: 'd5df70bce723c4935cf32e226e4ae642') in 0.008255 seconds
  Import took 0.011645 seconds .

========================================================================
Received Import Request.
  Time since last request: 0.000240 seconds.
  path: Assets/Sprites/rabbit.png
  artifactKey: Guid(207fb4eb978dfa74b9351113d5e97a53) Importer(815301076,1909f56bfc062723c751e8b465ee728b)
Start importing Assets/Sprites/rabbit.png using Guid(207fb4eb978dfa74b9351113d5e97a53) Importer(815301076,1909f56bfc062723c751e8b465ee728b)  -> (artifact id: 'ce15f375f47ddf24bd38c3f5848dd4bd') in 0.008703 seconds
  Import took 0.011237 seconds .

========================================================================
Received Import Request.
  Time since last request: 0.000247 seconds.
  path: Assets/Sprites/beaver.png
  artifactKey: Guid(9f6c160440748ef4e96aedffdcd31cca) Importer(815301076,1909f56bfc062723c751e8b465ee728b)
Start importing Assets/Sprites/beaver.png using Guid(9f6c160440748ef4e96aedffdcd31cca) Importer(815301076,1909f56bfc062723c751e8b465ee728b)  -> (artifact id: '2aaad69fea7c8020accdea8f401870f8') in 0.007608 seconds
  Import took 0.010034 seconds .

========================================================================
Received Import Request.
  Time since last request: 0.000259 seconds.
  path: Assets/Sprites/bolis.png
  artifactKey: Guid(2bfca68fb6bfef28493e05e50beff3e6) Importer(815301076,1909f56bfc062723c751e8b465ee728b)
Start importing Assets/Sprites/bolis.png using Guid(2bfca68fb6bfef28493e05e50beff3e6) Importer(815301076,1909f56bfc062723c751e8b465ee728b)  -> (artifact id: '0ec48e768e66551da701cae13f65c84c') in 0.008960 seconds
  Import took 0.011434 seconds .

========================================================================
Received Import Request.
  Time since last request: 0.000261 seconds.
  path: Assets/Sprites/mouse.png
  artifactKey: Guid(7b07bfa153f70fa40a30eaf8d240a2c0) Importer(815301076,1909f56bfc062723c751e8b465ee728b)
Start importing Assets/Sprites/mouse.png using Guid(7b07bfa153f70fa40a30eaf8d240a2c0) Importer(815301076,1909f56bfc062723c751e8b465ee728b)  -> (artifact id: '956dadf9d212fb309204312071c7fdd6') in 0.007155 seconds
  Import took 0.009604 seconds .

========================================================================
Received Import Request.
  Time since last request: 0.000249 seconds.
  path: Assets/Sprites/cat.png
  artifactKey: Guid(a4cfacfb4cf2ac1419e012e296de091a) Importer(815301076,1909f56bfc062723c751e8b465ee728b)
Start importing Assets/Sprites/cat.png using Guid(a4cfacfb4cf2ac1419e012e296de091a) Importer(815301076,1909f56bfc062723c751e8b465ee728b)  -> (artifact id: '7110cd07d9547025c6db12f0116e74c7') in 0.007371 seconds
  Import took 0.010171 seconds .

========================================================================
Received Import Request.
  Time since last request: 0.000303 seconds.
  path: Assets/Sprites/arakiri.png
  artifactKey: Guid(14ba4fc8fa725dd74bf4a737332fd35b) Importer(815301076,1909f56bfc062723c751e8b465ee728b)
Start importing Assets/Sprites/arakiri.png using Guid(14ba4fc8fa725dd74bf4a737332fd35b) Importer(815301076,1909f56bfc062723c751e8b465ee728b)  -> (artifact id: '4b86aca50b7507ba9572402d602de67c') in 0.008271 seconds
  Import took 0.011049 seconds .

========================================================================
Received Import Request.
  Time since last request: 0.000288 seconds.
  path: Assets/Sprites/capi.png
  artifactKey: Guid(a9bb680c24526d5bfae314c69278a1df) Importer(815301076,1909f56bfc062723c751e8b465ee728b)
Start importing Assets/Sprites/capi.png using Guid(a9bb680c24526d5bfae314c69278a1df) Importer(815301076,1909f56bfc062723c751e8b465ee728b)  -> (artifact id: '22b4620e1e8a3bd733e58b8d7839d340') in 0.009799 seconds
  Import took 0.012336 seconds .

========================================================================
Received Import Request.
  Time since last request: 0.000255 seconds.
  path: Assets/Sprites/elephant.png
  artifactKey: Guid(c04c12cef6a43d842b57d90a5a5e5369) Importer(815301076,1909f56bfc062723c751e8b465ee728b)
Start importing Assets/Sprites/elephant.png using Guid(c04c12cef6a43d842b57d90a5a5e5369) Importer(815301076,1909f56bfc062723c751e8b465ee728b)  -> (artifact id: '644c4f7b6ddda04f84a6a7ca4b695e9d') in 0.009135 seconds
  Import took 0.011894 seconds .

========================================================================
Received Import Request.
  Time since last request: 0.000296 seconds.
  path: Assets/Sprites/9046OT_06_02.jpg
  artifactKey: Guid(456937eff1e7e314c987d75578e171c5) Importer(815301076,1909f56bfc062723c751e8b465ee728b)
Start importing Assets/Sprites/9046OT_06_02.jpg using Guid(456937eff1e7e314c987d75578e171c5) Importer(815301076,1909f56bfc062723c751e8b465ee728b)  -> (artifact id: 'b6e19280d8a627216adbc1f2b8c13135') in 0.012067 seconds
  Import took 0.014587 seconds .

========================================================================
Received Import Request.
  Time since last request: 0.000231 seconds.
  path: Assets/Sprites/batman.png
  artifactKey: Guid(679eabc911d46884a9aa629e7e170d3b) Importer(815301076,1909f56bfc062723c751e8b465ee728b)
Start importing Assets/Sprites/batman.png using Guid(679eabc911d46884a9aa629e7e170d3b) Importer(815301076,1909f56bfc062723c751e8b465ee728b)  -> (artifact id: '0d1a8bce1d9336c092b31e7c941fa532') in 0.011623 seconds
  Import took 0.014995 seconds .

========================================================================
Received Import Request.
  Time since last request: 0.000210 seconds.
  path: Assets/Sprites/bosque.png
  artifactKey: Guid(f6b5046ac5270624ca22788ec041511c) Importer(815301076,1909f56bfc062723c751e8b465ee728b)
Start importing Assets/Sprites/bosque.png using Guid(f6b5046ac5270624ca22788ec041511c) Importer(815301076,1909f56bfc062723c751e8b465ee728b)  -> (artifact id: 'a33706303586dcee2a2b16f076dce1be') in 0.007540 seconds
  Import took 0.010116 seconds .

========================================================================
Received Import Request.
  Time since last request: 0.000278 seconds.
  path: Assets/Sprites/background_table.jpg
  artifactKey: Guid(f160ef3bc01be0e4b8895ee59d3f7978) Importer(815301076,1909f56bfc062723c751e8b465ee728b)
Start importing Assets/Sprites/background_table.jpg using Guid(f160ef3bc01be0e4b8895ee59d3f7978) Importer(815301076,1909f56bfc062723c751e8b465ee728b)  -> (artifact id: 'ab034e225456308d3b5f3f4d30635bae') in 0.010400 seconds
  Import took 0.013100 seconds .

========================================================================
Received Prepare
Refreshing native plugins compatible for Editor in 1.78 ms, found 1 plugins.
Preloading 0 native plugins for Editor in 0.00 ms.
Unloading 10 Unused Serialized files (Serialized files now loaded: 0)
System memory in use before: 52.3 MB.
System memory in use after: 52.3 MB.

Unloading 10 unused Assets to reduce memory usage. Loaded Objects now: 2272.
Total: 3.438100 ms (FindLiveObjects: 0.356500 ms CreateObjectMapping: 0.111800 ms MarkObjects: 2.861200 ms  DeleteObjects: 0.106600 ms)

